<?xml version="1.0" encoding="utf-8"?><testsuites><testsuite name="pytest" errors="0" failures="0" skipped="0" tests="3" time="0.831" timestamp="2024-07-28T14:33:01.470329" hostname="d803efdeec2d"><testcase classname="tests.test_prediction" name="test_single_pred_not_none" time="0.028" /><testcase classname="tests.test_prediction" name="test_single_pred_str_type" time="0.023" /><testcase classname="tests.test_prediction" name="test_single_pred_validate" time="0.029" /></testsuite></testsuites>